# JRE version: OpenJDK Runtime Environment (11.0.8+10) (build 11.0.8+10-b944.6842174)
# Java VM: OpenJDK 64-Bit Server VM (11.0.8+10-b944.6842174, mixed mode, tiered, compressed oops, g1 gc, windows-amd64)
Heap:
 garbage-first heap   total 452608K, used 221184K [0x0000000080000000, 0x0000000100000000)
  region size 1024K, 3 young (3072K), 3 survivors (3072K)
 Metaspace       used 124333K, capacity 127430K, committed 127872K, reserved 1161216K
  class space    used 15683K, capacity 16829K, committed 17024K, reserved 1048576K
GC Heap History (20 events):
Event: 41.875 GC heap after
{Heap after GC invocations=42 (full 0):
 garbage-first heap   total 231424K, used 119431K [0x0000000080000000, 0x0000000100000000)
  region size 1024K, 2 young (2048K), 2 survivors (2048K)
 Metaspace       used 116250K, capacity 118889K, committed 119040K, reserved 1153024K
  class space    used 14592K, capacity 15550K, committed 15616K, reserved 1048576K
}
Event: 42.617 GC heap before
{Heap before GC invocations=42 (full 0):
 garbage-first heap   total 231424K, used 173703K [0x0000000080000000, 0x0000000100000000)
  region size 1024K, 56 young (57344K), 2 survivors (2048K)
 Metaspace       used 120800K, capacity 123803K, committed 124032K, reserved 1157120K
  class space    used 15333K, capacity 16486K, committed 16512K, reserved 1048576K
}
Event: 42.634 GC heap after
{Heap after GC invocations=43 (full 0):
 garbage-first heap   total 231424K, used 122957K [0x0000000080000000, 0x0000000100000000)
  region size 1024K, 5 young (5120K), 5 survivors (5120K)
 Metaspace       used 120800K, capacity 123803K, committed 124032K, reserved 1157120K
  class space    used 15333K, capacity 16486K, committed 16512K, reserved 1048576K
}
Event: 43.365 GC heap before
{Heap before GC invocations=44 (full 0):
 garbage-first heap   total 231424K, used 155725K [0x0000000080000000, 0x0000000100000000)
  region size 1024K, 41 young (41984K), 5 survivors (5120K)
 Metaspace       used 122737K, capacity 125878K, committed 126080K, reserved 1159168K
  class space    used 15569K, capacity 16765K, committed 16768K, reserved 1048576K
}
Event: 43.382 GC heap after
{Heap after GC invocations=45 (full 0):
 garbage-first heap   total 231424K, used 122128K [0x0000000080000000, 0x0000000100000000)
  region size 1024K, 3 young (3072K), 3 survivors (3072K)
 Metaspace       used 122737K, capacity 125878K, committed 126080K, reserved 1159168K
  class space    used 15569K, capacity 16765K, committed 16768K, reserved 1048576K
}
Event: 44.023 GC heap before
{Heap before GC invocations=46 (full 0):
 garbage-first heap   total 231424K, used 187664K [0x0000000080000000, 0x0000000100000000)
  region size 1024K, 39 young (39936K), 3 survivors (3072K)
 Metaspace       used 123721K, capacity 127001K, committed 127104K, reserved 1159168K
  class space    used 15695K, capacity 16927K, committed 17024K, reserved 1048576K
}
Event: 44.053 GC heap after
{Heap after GC invocations=47 (full 0):
 garbage-first heap   total 231424K, used 148859K [0x0000000080000000, 0x0000000100000000)
  region size 1024K, 8 young (8192K), 8 survivors (8192K)
 Metaspace       used 123721K, capacity 127001K, committed 127104K, reserved 1159168K
  class space    used 15695K, capacity 16927K, committed 17024K, reserved 1048576K
}
Event: 44.599 GC heap before
{Heap before GC invocations=47 (full 0):
 garbage-first heap   total 231424K, used 190843K [0x0000000080000000, 0x0000000100000000)
  region size 1024K, 47 young (48128K), 8 survivors (8192K)
 Metaspace       used 124150K, capacity 127318K, committed 127616K, reserved 1159168K
  class space    used 15719K, capacity 16893K, committed 17024K, reserved 1048576K
}
Event: 44.678 GC heap after
{Heap after GC invocations=48 (full 0):
 garbage-first heap   total 231424K, used 168808K [0x0000000080000000, 0x0000000100000000)
  region size 1024K, 6 young (6144K), 6 survivors (6144K)
 Metaspace       used 124150K, capacity 127318K, committed 127616K, reserved 1159168K
  class space    used 15719K, capacity 16893K, committed 17024K, reserved 1048576K
}
Event: 44.984 GC heap before
{Heap before GC invocations=49 (full 0):
 garbage-first heap   total 231424K, used 189288K [0x0000000080000000, 0x0000000100000000)
  region size 1024K, 26 young (26624K), 6 survivors (6144K)
 Metaspace       used 124223K, capacity 127389K, committed 127872K, reserved 1161216K
  class space    used 15719K, capacity 16893K, committed 17024K, reserved 1048576K
}
Event: 45.037 GC heap after
{Heap after GC invocations=50 (full 0):
 garbage-first heap   total 231424K, used 181248K [0x0000000080000000, 0x0000000100000000)
  region size 1024K, 4 young (4096K), 4 survivors (4096K)
 Metaspace       used 124223K, capacity 127389K, committed 127872K, reserved 1161216K
  class space    used 15719K, capacity 16893K, committed 17024K, reserved 1048576K
}
Event: 45.105 GC heap before
{Heap before GC invocations=50 (full 0):
 garbage-first heap   total 231424K, used 188416K [0x0000000080000000, 0x0000000100000000)
  region size 1024K, 11 young (11264K), 4 survivors (4096K)
 Metaspace       used 124224K, capacity 127389K, committed 127872K, reserved 1161216K
  class space    used 15719K, capacity 16893K, committed 17024K, reserved 1048576K
}
Event: 45.137 GC heap after
{Heap after GC invocations=51 (full 0):
 garbage-first heap   total 282624K, used 183296K [0x0000000080000000, 0x0000000100000000)
  region size 1024K, 2 young (2048K), 2 survivors (2048K)
 Metaspace       used 124224K, capacity 127389K, committed 127872K, reserved 1161216K
  class space    used 15719K, capacity 16893K, committed 17024K, reserved 1048576K
}
Event: 45.325 GC heap before
{Heap before GC invocations=51 (full 0):
 garbage-first heap   total 282624K, used 199680K [0x0000000080000000, 0x0000000100000000)
  region size 1024K, 19 young (19456K), 2 survivors (2048K)
 Metaspace       used 124225K, capacity 127389K, committed 127872K, reserved 1161216K
  class space    used 15719K, capacity 16893K, committed 17024K, reserved 1048576K
}
Event: 45.357 GC heap after
{Heap after GC invocations=52 (full 0):
 garbage-first heap   total 282624K, used 193987K [0x0000000080000000, 0x0000000100000000)
  region size 1024K, 5 young (5120K), 5 survivors (5120K)
 Metaspace       used 124225K, capacity 127389K, committed 127872K, reserved 1161216K
  class space    used 15719K, capacity 16893K, committed 17024K, reserved 1048576K
}
Event: 45.809 GC heap before
{Heap before GC invocations=52 (full 0):
 garbage-first heap   total 282624K, used 220611K [0x0000000080000000, 0x0000000100000000)
  region size 1024K, 29 young (29696K), 5 survivors (5120K)
 Metaspace       used 124336K, capacity 127539K, committed 127872K, reserved 1161216K
  class space    used 15720K, capacity 16894K, committed 17024K, reserved 1048576K
}
Event: 45.857 GC heap after
{Heap after GC invocations=53 (full 0):
 garbage-first heap   total 282624K, used 208226K [0x0000000080000000, 0x0000000100000000)
  region size 1024K, 4 young (4096K), 4 survivors (4096K)
 Metaspace       used 124336K, capacity 127539K, committed 127872K, reserved 1161216K
  class space    used 15720K, capacity 16894K, committed 17024K, reserved 1048576K
}
Event: 46.263 GC heap before
{Heap before GC invocations=53 (full 0):
 garbage-first heap   total 282624K, used 227682K [0x0000000080000000, 0x0000000100000000)
  region size 1024K, 23 young (23552K), 4 survivors (4096K)
 Metaspace       used 124320K, capacity 127430K, committed 127872K, reserved 1161216K
  class space    used 15683K, capacity 16829K, committed 17024K, reserved 1048576K
}
Event: 46.307 GC heap after
{Heap after GC invocations=54 (full 0):
 garbage-first heap   total 282624K, used 215040K [0x0000000080000000, 0x0000000100000000)
  region size 1024K, 3 young (3072K), 3 survivors (3072K)
 Metaspace       used 124320K, capacity 127430K, committed 127872K, reserved 1161216K
  class space    used 15683K, capacity 16829K, committed 17024K, reserved 1048576K
}
Event: 46.600 GC heap before
{Heap before GC invocations=55 (full 0):
 garbage-first heap   total 282624K, used 233472K [0x0000000080000000, 0x0000000100000000)
  region size 1024K, 21 young (21504K), 3 survivors (3072K)
 Metaspace       used 124333K, capacity 127430K, committed 127872K, reserved 1161216K
  class space    used 15683K, capacity 16829K, committed 17024K, reserved 1048576K
}

