# JRE version: OpenJDK Runtime Environment (11.0.8+10) (build 11.0.8+10-b944.6842174)
# Java VM: OpenJDK 64-Bit Server VM (11.0.8+10-b944.6842174, mixed mode, tiered, compressed oops, g1 gc, windows-amd64)
Heap:
 garbage-first heap   total 722944K, used 199816K [0x0000000080000000, 0x0000000100000000)
  region size 1024K, 4 young (4096K), 4 survivors (4096K)
 Metaspace       used 111947K, capacity 114514K, committed 114560K, reserved 1148928K
  class space    used 14253K, capacity 15217K, committed 15232K, reserved 1048576K
GC Heap History (20 events):
Event: 52.910 GC heap after
{Heap after GC invocations=51 (full 0):
 garbage-first heap   total 192512K, used 156672K [0x0000000080000000, 0x0000000100000000)
  region size 1024K, 2 young (2048K), 2 survivors (2048K)
 Metaspace       used 102677K, capacity 105082K, committed 105216K, reserved 1140736K
  class space    used 13168K, capacity 14038K, committed 14080K, reserved 1048576K
}
Event: 53.046 GC heap before
{Heap before GC invocations=51 (full 0):
 garbage-first heap   total 192512K, used 164864K [0x0000000080000000, 0x0000000100000000)
  region size 1024K, 10 young (10240K), 2 survivors (2048K)
 Metaspace       used 102709K, capacity 105147K, committed 105216K, reserved 1140736K
  class space    used 13168K, capacity 14038K, committed 14080K, reserved 1048576K
}
Event: 53.060 GC heap after
{Heap after GC invocations=52 (full 0):
 garbage-first heap   total 192512K, used 160278K [0x0000000080000000, 0x0000000100000000)
  region size 1024K, 2 young (2048K), 2 survivors (2048K)
 Metaspace       used 102709K, capacity 105147K, committed 105216K, reserved 1140736K
  class space    used 13168K, capacity 14038K, committed 14080K, reserved 1048576K
}
Event: 53.194 GC heap before
{Heap before GC invocations=52 (full 0):
 garbage-first heap   total 192512K, used 167446K [0x0000000080000000, 0x0000000100000000)
  region size 1024K, 9 young (9216K), 2 survivors (2048K)
 Metaspace       used 102715K, capacity 105147K, committed 105216K, reserved 1140736K
  class space    used 13168K, capacity 14038K, committed 14080K, reserved 1048576K
}
Event: 53.211 GC heap after
{Heap after GC invocations=53 (full 0):
 garbage-first heap   total 234496K, used 164593K [0x0000000080000000, 0x0000000100000000)
  region size 1024K, 2 young (2048K), 2 survivors (2048K)
 Metaspace       used 102715K, capacity 105147K, committed 105216K, reserved 1140736K
  class space    used 13168K, capacity 14038K, committed 14080K, reserved 1048576K
}
Event: 53.497 GC heap before
{Heap before GC invocations=54 (full 0):
 garbage-first heap   total 234496K, used 173809K [0x0000000080000000, 0x0000000100000000)
  region size 1024K, 12 young (12288K), 2 survivors (2048K)
 Metaspace       used 102868K, capacity 105289K, committed 105472K, reserved 1140736K
  class space    used 13170K, capacity 14041K, committed 14080K, reserved 1048576K
}
Event: 53.520 GC heap after
{Heap after GC invocations=55 (full 0):
 garbage-first heap   total 234496K, used 169912K [0x0000000080000000, 0x0000000100000000)
  region size 1024K, 3 young (3072K), 3 survivors (3072K)
 Metaspace       used 102868K, capacity 105289K, committed 105472K, reserved 1140736K
  class space    used 13170K, capacity 14041K, committed 14080K, reserved 1048576K
}
Event: 53.796 GC heap before
{Heap before GC invocations=55 (full 0):
 garbage-first heap   total 234496K, used 186296K [0x0000000080000000, 0x0000000100000000)
  region size 1024K, 19 young (19456K), 3 survivors (3072K)
 Metaspace       used 102894K, capacity 105292K, committed 105472K, reserved 1140736K
  class space    used 13170K, capacity 14041K, committed 14080K, reserved 1048576K
}
Event: 53.824 GC heap after
{Heap after GC invocations=56 (full 0):
 garbage-first heap   total 234496K, used 179984K [0x0000000080000000, 0x0000000100000000)
  region size 1024K, 3 young (3072K), 3 survivors (3072K)
 Metaspace       used 102894K, capacity 105292K, committed 105472K, reserved 1140736K
  class space    used 13170K, capacity 14041K, committed 14080K, reserved 1048576K
}
Event: 54.250 GC heap before
{Heap before GC invocations=56 (full 0):
 garbage-first heap   total 234496K, used 192272K [0x0000000080000000, 0x0000000100000000)
  region size 1024K, 16 young (16384K), 3 survivors (3072K)
 Metaspace       used 102949K, capacity 105422K, committed 105472K, reserved 1140736K
  class space    used 13170K, capacity 14041K, committed 14080K, reserved 1048576K
}
Event: 54.275 GC heap after
{Heap after GC invocations=57 (full 0):
 garbage-first heap   total 234496K, used 187767K [0x0000000080000000, 0x0000000100000000)
  region size 1024K, 2 young (2048K), 2 survivors (2048K)
 Metaspace       used 102949K, capacity 105422K, committed 105472K, reserved 1140736K
  class space    used 13170K, capacity 14041K, committed 14080K, reserved 1048576K
}
Event: 54.449 GC heap before
{Heap before GC invocations=57 (full 0):
 garbage-first heap   total 234496K, used 195959K [0x0000000080000000, 0x0000000100000000)
  region size 1024K, 11 young (11264K), 2 survivors (2048K)
 Metaspace       used 102952K, capacity 105423K, committed 105472K, reserved 1140736K
  class space    used 13170K, capacity 14041K, committed 14080K, reserved 1048576K
}
Event: 54.481 GC heap after
{Heap after GC invocations=58 (full 0):
 garbage-first heap   total 378880K, used 192903K [0x0000000080000000, 0x0000000100000000)
  region size 1024K, 2 young (2048K), 2 survivors (2048K)
 Metaspace       used 102952K, capacity 105423K, committed 105472K, reserved 1140736K
  class space    used 13170K, capacity 14041K, committed 14080K, reserved 1048576K
}
Event: 55.172 GC heap before
{Heap before GC invocations=59 (full 0):
 garbage-first heap   total 378880K, used 211335K [0x0000000080000000, 0x0000000100000000)
  region size 1024K, 22 young (22528K), 2 survivors (2048K)
 Metaspace       used 106089K, capacity 108601K, committed 108800K, reserved 1142784K
  class space    used 13524K, capacity 14471K, committed 14592K, reserved 1048576K
}
Event: 55.196 GC heap after
{Heap after GC invocations=60 (full 0):
 garbage-first heap   total 378880K, used 197346K [0x0000000080000000, 0x0000000100000000)
  region size 1024K, 7 young (7168K), 7 survivors (7168K)
 Metaspace       used 106089K, capacity 108601K, committed 108800K, reserved 1142784K
  class space    used 13524K, capacity 14471K, committed 14592K, reserved 1048576K
}
Event: 56.611 GC heap before
{Heap before GC invocations=61 (full 0):
 garbage-first heap   total 378880K, used 240354K [0x0000000080000000, 0x0000000100000000)
  region size 1024K, 57 young (58368K), 7 survivors (7168K)
 Metaspace       used 109567K, capacity 112110K, committed 112256K, reserved 1146880K
  class space    used 13944K, capacity 14928K, committed 14976K, reserved 1048576K
}
Event: 56.662 GC heap after
{Heap after GC invocations=62 (full 0):
 garbage-first heap   total 378880K, used 196817K [0x0000000080000000, 0x0000000100000000)
  region size 1024K, 8 young (8192K), 8 survivors (8192K)
 Metaspace       used 109567K, capacity 112110K, committed 112256K, reserved 1146880K
  class space    used 13944K, capacity 14928K, committed 14976K, reserved 1048576K
}
Event: 57.050 GC heap before
{Heap before GC invocations=62 (full 0):
 garbage-first heap   total 378880K, used 209105K [0x0000000080000000, 0x0000000100000000)
  region size 1024K, 18 young (18432K), 8 survivors (8192K)
 Metaspace       used 110135K, capacity 112658K, committed 112768K, reserved 1146880K
  class space    used 14003K, capacity 14961K, committed 14976K, reserved 1048576K
}
Event: 57.115 GC heap after
{Heap after GC invocations=63 (full 0):
 garbage-first heap   total 378880K, used 197190K [0x0000000080000000, 0x0000000100000000)
  region size 1024K, 2 young (2048K), 2 survivors (2048K)
 Metaspace       used 110135K, capacity 112658K, committed 112768K, reserved 1146880K
  class space    used 14003K, capacity 14961K, committed 14976K, reserved 1048576K
}
Event: 57.663 GC heap before
{Heap before GC invocations=63 (full 0):
 garbage-first heap   total 378880K, used 216646K [0x0000000080000000, 0x0000000100000000)
  region size 1024K, 23 young (23552K), 2 survivors (2048K)
 Metaspace       used 111947K, capacity 114514K, committed 114560K, reserved 1148928K
  class space    used 14253K, capacity 15217K, committed 15232K, reserved 1048576K
}

